{
  "name": "test_basic_wikipedia_search1[sachin tendulkar]",
  "status": "failed",
  "statusDetails": {
    "message": "pytest_assume.plugin.FailedAssumption: \nOriginal Failure:\n\n>> NameError(\"name 'header_text' is not defined\")\n\n1 Failed Assumptions:\n\ncore\\wrappers.py:223: AssumptionFailure\n>>\tpytest.assume(actual_text == expected_text)\nAssertionError: assert False",
    "trace": "request = <FixtureRequest for <Function test_basic_wikipedia_search1[sachin tendulkar]>>\n\n    @pytest.mark.usefixtures(*function_args)\n    def scenario_wrapper(request):\n>       _execute_scenario(feature, scenario, request, encoding)\n\nvenv\\lib\\site-packages\\pytest_bdd\\scenario.py:227: \n_ _ _ _ _ _ _ _ _ _ _ _ _ _ _ _ _ _ _ _ _ _ _ _ _ _ _ _ _ _ _ _ _ _ _ _ _ _ _ _ _ _ _ _ _ _ _ _ _ _ _ _ _ _ _ _ _ _ _ _ _ _ _ _ _ _ _ _ _ _ _ _ _ _ _ _ _ _ _ _ _ _ _ _ _ _ _ _ _ _ _ _ _ _ \nvenv\\lib\\site-packages\\pytest_bdd\\scenario.py:189: in _execute_scenario\n    _execute_step_function(request, scenario, step, step_func)\nvenv\\lib\\site-packages\\pytest_bdd\\scenario.py:130: in _execute_step_function\n    step_func(**kwargs)\ntests\\step_defs\\test_web.py:28: in validate_header_value\n    header.verify_full_name_text(name)\n_ _ _ _ _ _ _ _ _ _ _ _ _ _ _ _ _ _ _ _ _ _ _ _ _ _ _ _ _ _ _ _ _ _ _ _ _ _ _ _ _ _ _ _ _ _ _ _ _ _ _ _ _ _ _ _ _ _ _ _ _ _ _ _ _ _ _ _ _ _ _ _ _ _ _ _ _ _ _ _ _ _ _ _ _ _ _ _ _ _ _ _ _ _ \n\nself = <tests.pageobjects.resultsscreen.ResultsScreen object at 0x000001C9D4FE1BC8>, text = 'Sachin'\n\n    def verify_full_name_text(self, text):\n        text = 'Sachin'\n        full_name_text = self.get_element_text(self.FULL_NAME_BY_XPATH, 'xpath')\n>       self.verify_text_equals(actual_text=header_text, expected_text=text)\nE       pytest_assume.plugin.FailedAssumption: \nE       Original Failure:\nE       \nE       >> NameError(\"name 'header_text' is not defined\")\nE       \nE       1 Failed Assumptions:\nE       \nE       core\\wrappers.py:223: AssumptionFailure\nE       >>\tpytest.assume(actual_text == expected_text)\nE       AssertionError: assert False\n\ntests\\pageobjects\\resultsscreen.py:22: FailedAssumption"
  },
  "description": "D:\\Study\\star-bdd\\tests\\features\\web.feature: Basic Wikipedia Search1",
  "attachments": [
    {
      "name": "log",
      "source": "9bb94091-0d7a-47fb-88ef-f4c67b7147b3-attachment.txt",
      "type": "text/plain"
    }
  ],
  "parameters": [
    {
      "name": "name",
      "value": "'sachin tendulkar'"
    }
  ],
  "start": 1571735726297,
  "stop": 1571735731686,
  "uuid": "e52ea8db-777f-4eef-933f-ff7042ca9b8c",
  "historyId": "0081d258c00a234fd5fe16abe952d45b",
  "testCaseId": "845e39703c1b90cf72ce16d8fd6582d4",
  "fullName": "tests.step_defs.test_web#test_basic_wikipedia_search1",
  "labels": [
    {
      "name": "tag",
      "value": "web"
    },
    {
      "name": "tag",
      "value": "sachin"
    },
    {
      "name": "parentSuite",
      "value": "tests.step_defs"
    },
    {
      "name": "suite",
      "value": "test_web"
    },
    {
      "name": "host",
      "value": "IN-MH1LPW101177"
    },
    {
      "name": "thread",
      "value": "18124-MainThread"
    },
    {
      "name": "framework",
      "value": "pytest"
    },
    {
      "name": "language",
      "value": "cpython3"
    },
    {
      "name": "package",
      "value": "tests.step_defs.test_web"
    }
  ]
}